app/build/outputs/logs/manifest-merger-debug-report.txt
-- Merging decision tree log ---
manifest
ADDED from src/main/AndroidManifest.xml:2:1-39:12
INJECTED from src/main/AndroidManifest.xml:2:1-39:12
INJECTED from src/main/AndroidManifest.xml:2:1-39:12
INJECTED from src/main/AndroidManifest.xml:2:1-39:12
MERGED from [com.google.android.material:material:1.2.0-alpha05] AndroidManifest.xml:17:1-24:12
MERGED from [androidx.constraintlayout:constraintlayout:2.0.0-beta4] AndroidManifest.xml:2:1-11:12
MERGED from [androidx.preference:preference:1.1.0] AndroidManifest.xml:17:1-24:12
MERGED from [androidx.appcompat:appcompat:1.2.0-alpha03] AndroidManifest.xml:17:1-24:12
MERGED from [com.google.firebase:firebase-analytics:17.2.3] AndroidManifest.xml:2:1-9:12
MERGED from [com.google.firebase:firebase-ml-vision-object-detection-model:19.0.3] AndroidManifest.xml:2:1-7:12
MERGED from [com.google.firebase:firebase-ml-vision-internal-vkp:16.0.2] AndroidManifest.xml:2:1-7:12
MERGED from [com.google.firebase:firebase-ml-vision:24.0.1] AndroidManifest.xml:2:1-18:12
MERGED from [androidx.camera:camera-camera2:1.0.0-alpha04] AndroidManifest.xml:17:1-33:12
MERGED from [androidx.camera:camera-core:1.0.0-alpha04] AndroidManifest.xml:17:1-24:12
MERGED from [androidx.media:media:1.1.0] AndroidManifest.xml:17:1-24:12
MERGED from [org.tensorflow:tensorflow-lite:2.1.0] AndroidManifest.xml:2:1-10:12
MERGED from [androidx.cardview:cardview:1.0.0] AndroidManifest.xml:17:1-22:12
MERGED from [androidx.coordinatorlayout:coordinatorlayout:1.1.0] AndroidManifest.xml:17:1-24:12
MERGED from [androidx.transition:transition:1.2.0] AndroidManifest.xml:17:1-24:12
MERGED from [androidx.appcompat:appcompat-resources:1.2.0-alpha03] AndroidManifest.xml:17:1-24:12
MERGED from [androidx.vectordrawable:vectordrawable-animated:1.1.0] AndroidManifest.xml:17:1-24:12
MERGED from [androidx.vectordrawable:vectordrawable:1.1.0] AndroidManifest.xml:17:1-24:12
MERGED from [androidx.viewpager2:viewpager2:1.0.0] AndroidManifest.xml:17:1-24:12
MERGED from [androidx.exifinterface:exifinterface:1.0.0] AndroidManifest.xml:17:1-22:12
MERGED from [androidx.drawerlayout:drawerlayout:1.0.0] AndroidManifest.xml:17:1-22:12
MERGED from [com.google.android.gms:play-services-auth-base:17.0.0] AndroidManifest.xml:2:1-7:12
MERGED from [com.google.android.gms:play-services-vision:19.0.0] AndroidManifest.xml:2:1-9:12
MERGED from [com.google.android.gms:play-services-vision-image-label:18.0.1] AndroidManifest.xml:2:1-9:12
MERGED from [com.google.android.gms:play-services-vision-common:19.0.0] AndroidManifest.xml:2:1-9:12
MERGED from [com.google.firebase:firebase-ml-common:22.0.1] AndroidManifest.xml:2:1-17:12
MERGED from [com.google.android.gms:play-services-clearcut:17.0.0] AndroidManifest.xml:17:1-24:12
MERGED from [com.google.android.gms:play-services-flags:17.0.0] AndroidManifest.xml:17:1-22:12
MERGED from [com.google.android.gms:play-services-phenotype:17.0.0] AndroidManifest.xml:17:1-24:12
MERGED from [com.google.android.gms:play-services-measurement-api:17.2.3] AndroidManifest.xml:17:1-36:12
MERGED from [com.google.firebase:firebase-iid:20.0.2] AndroidManifest.xml:17:1-47:12
MERGED from [com.google.firebase:firebase-iid-interop:17.0.0] AndroidManifest.xml:2:1-10:12
MERGED from [com.google.android.gms:play-services-base:17.0.0] AndroidManifest.xml:17:1-29:12
MERGED from [com.google.android.gms:play-services-measurement:17.2.3] AndroidManifest.xml:17:1-55:12
MERGED from [com.google.android.gms:play-services-measurement-sdk:17.2.3] AndroidManifest.xml:17:1-25:12
MERGED from [com.google.firebase:firebase-common:19.3.0] AndroidManifest.xml:15:1-39:12
MERGED from [com.google.android.gms:play-services-tasks:17.0.0] AndroidManifest.xml:2:1-9:12
MERGED from [com.google.android.gms:play-services-measurement-impl:17.2.3] AndroidManifest.xml:17:1-40:12
MERGED from [com.google.android.gms:play-services-measurement-sdk-api:17.2.3] AndroidManifest.xml:17:1-27:12
MERGED from [com.google.android.gms:play-services-measurement-base:17.2.3] AndroidManifest.xml:2:1-9:12
MERGED from [com.google.android.gms:play-services-stats:17.0.0] AndroidManifest.xml:2:1-9:12
MERGED from [com.google.firebase:firebase-measurement-connector:18.0.0] AndroidManifest.xml:17:1-25:12
MERGED from [com.google.android.gms:play-services-ads-identifier:17.0.0] AndroidManifest.xml:17:1-24:12
MERGED from [com.google.android.gms:play-services-basement:17.0.0] AndroidManifest.xml:17:1-28:12
MERGED from [androidx.fragment:fragment:1.1.0] AndroidManifest.xml:17:1-24:12
MERGED from [androidx.viewpager:viewpager:1.0.0] AndroidManifest.xml:17:1-22:12
MERGED from [androidx.recyclerview:recyclerview:1.1.0] AndroidManifest.xml:17:1-24:12
MERGED from [androidx.customview:customview:1.0.0] AndroidManifest.xml:17:1-22:12
MERGED from [androidx.legacy:legacy-support-core-utils:1.0.0] AndroidManifest.xml:17:1-22:12
MERGED from [com.google.firebase:firebase-components:16.0.0] AndroidManifest.xml:15:1-23:12
MERGED from [androidx.loader:loader:1.0.0] AndroidManifest.xml:17:1-22:12
MERGED from [androidx.lifecycle:lifecycle-livedata:2.0.0] AndroidManifest.xml:17:1-22:12
MERGED from [androidx.lifecycle:lifecycle-livedata-core:2.0.0] AndroidManifest.xml:17:1-22:12
MERGED from [androidx.arch.core:core-runtime:2.0.0] AndroidManifest.xml:17:1-22:12
MERGED from [androidx.documentfile:documentfile:1.0.0] AndroidManifest.xml:17:1-22:12
MERGED from [androidx.localbroadcastmanager:localbroadcastmanager:1.0.0] AndroidManifest.xml:17:1-22:12
MERGED from [androidx.print:print:1.0.0] AndroidManifest.xml:17:1-22:12
MERGED from [androidx.cursoradapter:cursoradapter:1.0.0] AndroidManifest.xml:17:1-22:12
MERGED from [androidx.interpolator:interpolator:1.0.0] AndroidManifest.xml:17:1-22:12
MERGED from [androidx.activity:activity:1.0.0] AndroidManifest.xml:17:1-24:12
MERGED from [androidx.core:core:1.3.0-alpha02] AndroidManifest.xml:17:1-26:12
MERGED from [androidx.versionedparcelable:versionedparcelable:1.1.0] AndroidManifest.xml:17:1-27:12
MERGED from [androidx.savedstate:savedstate:1.0.0] AndroidManifest.xml:17:1-24:12
MERGED from [androidx.lifecycle:lifecycle-runtime:2.1.0] AndroidManifest.xml:17:1-22:12
MERGED from [androidx.lifecycle:lifecycle-viewmodel:2.1.0] AndroidManifest.xml:17:1-22:12
MERGED from [androidx.annotation:annotation-experimental:1.0.0] AndroidManifest.xml:17:1-24:12
INJECTED from src/main/AndroidManifest.xml:2:1-39:12
INJECTED from src/main/AndroidManifest.xml:2:1-39:12
INJECTED from src/main/AndroidManifest.xml:2:1-39:12
	package
		ADDED from src/main/AndroidManifest.xml:4:5-32
		INJECTED from src/main/AndroidManifest.xml
		INJECTED from src/main/AndroidManifest.xml
	android:versionName
		INJECTED from src/main/AndroidManifest.xml
		ADDED from src/main/AndroidManifest.xml:2:1-39:12
		INJECTED from src/main/AndroidManifest.xml
	xmlns:tools
		ADDED from src/main/AndroidManifest.xml:3:5-51
	android:versionCode
		INJECTED from src/main/AndroidManifest.xml
		ADDED from src/main/AndroidManifest.xml:2:1-39:12
		INJECTED from src/main/AndroidManifest.xml
	xmlns:android
		ADDED from src/main/AndroidManifest.xml:2:11-69
uses-permission#android.permission.CAMERA
ADDED from src/main/AndroidManifest.xml:6:5-65
	android:name
		ADDED from src/main/AndroidManifest.xml:6:22-62
uses-permission#android.permission.INTERNET
ADDED from src/main/AndroidManifest.xml:7:5-66
MERGED from [com.google.android.gms:play-services-measurement-api:17.2.3] AndroidManifest.xml:22:5-67
MERGED from [com.google.android.gms:play-services-measurement-api:17.2.3] AndroidManifest.xml:22:5-67
MERGED from [com.google.firebase:firebase-iid:20.0.2] AndroidManifest.xml:23:5-67
MERGED from [com.google.firebase:firebase-iid:20.0.2] AndroidManifest.xml:23:5-67
MERGED from [com.google.android.gms:play-services-measurement:17.2.3] AndroidManifest.xml:23:5-67
MERGED from [com.google.android.gms:play-services-measurement:17.2.3] AndroidManifest.xml:23:5-67
MERGED from [com.google.android.gms:play-services-measurement-impl:17.2.3] AndroidManifest.xml:23:5-67
MERGED from [com.google.android.gms:play-services-measurement-impl:17.2.3] AndroidManifest.xml:23:5-67
MERGED from [com.google.android.gms:play-services-measurement-sdk-api:17.2.3] AndroidManifest.xml:23:5-67
MERGED from [com.google.android.gms:play-services-measurement-sdk-api:17.2.3] AndroidManifest.xml:23:5-67
	android:name
		ADDED from src/main/AndroidManifest.xml:7:22-64
uses-permission#android.permission.WRITE_EXTERNAL_STORAGE
ADDED from src/main/AndroidManifest.xml:8:5-81
	android:name
		ADDED from src/main/AndroidManifest.xml:8:22-78
uses-feature#android.hardware.camera
ADDED from src/main/AndroidManifest.xml:10:5-60
	android:name
		ADDED from src/main/AndroidManifest.xml:10:19-57
uses-feature#android.hardware.camera.autofocus
ADDED from src/main/AndroidManifest.xml:11:5-70
	android:name
		ADDED from src/main/AndroidManifest.xml:11:19-67
application
ADDED from src/main/AndroidManifest.xml:13:5-37:19
MERGED from [com.google.android.material:material:1.2.0-alpha05] AndroidManifest.xml:22:5-20
MERGED from [com.google.android.material:material:1.2.0-alpha05] AndroidManifest.xml:22:5-20
MERGED from [androidx.constraintlayout:constraintlayout:2.0.0-beta4] AndroidManifest.xml:9:5-20
MERGED from [androidx.constraintlayout:constraintlayout:2.0.0-beta4] AndroidManifest.xml:9:5-20
MERGED from [com.google.firebase:firebase-analytics:17.2.3] AndroidManifest.xml:7:5-20
MERGED from [com.google.firebase:firebase-analytics:17.2.3] AndroidManifest.xml:7:5-20
MERGED from [com.google.firebase:firebase-ml-vision:24.0.1] AndroidManifest.xml:8:5-16:19
MERGED from [com.google.firebase:firebase-ml-vision:24.0.1] AndroidManifest.xml:8:5-16:19
MERGED from [androidx.camera:camera-camera2:1.0.0-alpha04] AndroidManifest.xml:24:5-31:19
MERGED from [androidx.camera:camera-camera2:1.0.0-alpha04] AndroidManifest.xml:24:5-31:19
MERGED from [org.tensorflow:tensorflow-lite:2.1.0] AndroidManifest.xml:8:5-20
MERGED from [org.tensorflow:tensorflow-lite:2.1.0] AndroidManifest.xml:8:5-20
MERGED from [com.google.android.gms:play-services-vision:19.0.0] AndroidManifest.xml:7:5-20
MERGED from [com.google.android.gms:play-services-vision:19.0.0] AndroidManifest.xml:7:5-20
MERGED from [com.google.android.gms:play-services-vision-image-label:18.0.1] AndroidManifest.xml:7:5-20
MERGED from [com.google.android.gms:play-services-vision-image-label:18.0.1] AndroidManifest.xml:7:5-20
MERGED from [com.google.android.gms:play-services-vision-common:19.0.0] AndroidManifest.xml:7:5-20
MERGED from [com.google.android.gms:play-services-vision-common:19.0.0] AndroidManifest.xml:7:5-20
MERGED from [com.google.firebase:firebase-ml-common:22.0.1] AndroidManifest.xml:7:5-15:19
MERGED from [com.google.firebase:firebase-ml-common:22.0.1] AndroidManifest.xml:7:5-15:19
MERGED from [com.google.android.gms:play-services-clearcut:17.0.0] AndroidManifest.xml:22:5-20
MERGED from [com.google.android.gms:play-services-clearcut:17.0.0] AndroidManifest.xml:22:5-20
MERGED from [com.google.android.gms:play-services-phenotype:17.0.0] AndroidManifest.xml:22:5-20
MERGED from [com.google.android.gms:play-services-phenotype:17.0.0] AndroidManifest.xml:22:5-20
MERGED from [com.google.android.gms:play-services-measurement-api:17.2.3] AndroidManifest.xml:26:5-34:19
MERGED from [com.google.android.gms:play-services-measurement-api:17.2.3] AndroidManifest.xml:26:5-34:19
MERGED from [com.google.firebase:firebase-iid:20.0.2] AndroidManifest.xml:28:5-45:19
MERGED from [com.google.firebase:firebase-iid:20.0.2] AndroidManifest.xml:28:5-45:19
MERGED from [com.google.firebase:firebase-iid-interop:17.0.0] AndroidManifest.xml:7:5-8:19
MERGED from [com.google.firebase:firebase-iid-interop:17.0.0] AndroidManifest.xml:7:5-8:19
MERGED from [com.google.android.gms:play-services-base:17.0.0] AndroidManifest.xml:22:5-27:19
MERGED from [com.google.android.gms:play-services-base:17.0.0] AndroidManifest.xml:22:5-27:19
MERGED from [com.google.android.gms:play-services-measurement:17.2.3] AndroidManifest.xml:28:5-53:19
MERGED from [com.google.android.gms:play-services-measurement:17.2.3] AndroidManifest.xml:28:5-53:19
MERGED from [com.google.android.gms:play-services-measurement-sdk:17.2.3] AndroidManifest.xml:22:5-23:19
MERGED from [com.google.android.gms:play-services-measurement-sdk:17.2.3] AndroidManifest.xml:22:5-23:19
MERGED from [com.google.firebase:firebase-common:19.3.0] AndroidManifest.xml:25:5-37:19
MERGED from [com.google.firebase:firebase-common:19.3.0] AndroidManifest.xml:25:5-37:19
MERGED from [com.google.android.gms:play-services-tasks:17.0.0] AndroidManifest.xml:7:5-20
MERGED from [com.google.android.gms:play-services-tasks:17.0.0] AndroidManifest.xml:7:5-20
MERGED from [com.google.android.gms:play-services-measurement-impl:17.2.3] AndroidManifest.xml:28:5-38:19
MERGED from [com.google.android.gms:play-services-measurement-impl:17.2.3] AndroidManifest.xml:28:5-38:19
MERGED from [com.google.android.gms:play-services-measurement-base:17.2.3] AndroidManifest.xml:7:5-20
MERGED from [com.google.android.gms:play-services-measurement-base:17.2.3] AndroidManifest.xml:7:5-20
MERGED from [com.google.android.gms:play-services-stats:17.0.0] AndroidManifest.xml:7:5-20
MERGED from [com.google.android.gms:play-services-stats:17.0.0] AndroidManifest.xml:7:5-20
MERGED from [com.google.firebase:firebase-measurement-connector:18.0.0] AndroidManifest.xml:22:5-23:19
MERGED from [com.google.firebase:firebase-measurement-connector:18.0.0] AndroidManifest.xml:22:5-23:19
MERGED from [com.google.android.gms:play-services-ads-identifier:17.0.0] AndroidManifest.xml:22:5-20
MERGED from [com.google.android.gms:play-services-ads-identifier:17.0.0] AndroidManifest.xml:22:5-20
MERGED from [com.google.android.gms:play-services-basement:17.0.0] AndroidManifest.xml:22:5-26:19
MERGED from [com.google.android.gms:play-services-basement:17.0.0] AndroidManifest.xml:22:5-26:19
MERGED from [androidx.core:core:1.3.0-alpha02] AndroidManifest.xml:24:5-89
MERGED from [androidx.core:core:1.3.0-alpha02] AndroidManifest.xml:24:5-89
MERGED from [androidx.versionedparcelable:versionedparcelable:1.1.0] AndroidManifest.xml:24:5-25:19
MERGED from [androidx.versionedparcelable:versionedparcelable:1.1.0] AndroidManifest.xml:24:5-25:19
	android:appComponentFactory
		ADDED from [androidx.core:core:1.3.0-alpha02] AndroidManifest.xml:24:18-86
	android:supportsRtl
		ADDED from src/main/AndroidManifest.xml:18:9-35
	android:label
		ADDED from src/main/AndroidManifest.xml:16:9-41
	tools:ignore
		ADDED from src/main/AndroidManifest.xml:20:9-60
	android:roundIcon
		ADDED from src/main/AndroidManifest.xml:17:9-54
	android:icon
		ADDED from src/main/AndroidManifest.xml:15:9-43
	android:allowBackup
		ADDED from src/main/AndroidManifest.xml:14:9-35
	android:theme
		ADDED from src/main/AndroidManifest.xml:19:9-56
meta-data#com.google.firebase.ml.vision.DEPENDENCIES
ADDED from src/main/AndroidManifest.xml:21:9-23:52
	android:value
		ADDED from src/main/AndroidManifest.xml:23:13-49
	android:name
		ADDED from src/main/AndroidManifest.xml:22:13-70
activity#com.dodi.robalert.DetectorActivity
ADDED from src/main/AndroidManifest.xml:25:9-34:20
	android:screenOrientation
		ADDED from src/main/AndroidManifest.xml:28:13-49
	android:label
		ADDED from src/main/AndroidManifest.xml:27:13-52
	android:name
		ADDED from src/main/AndroidManifest.xml:26:13-45
intent-filter#action:name:android.intent.action.MAIN+category:name:android.intent.category.LAUNCHER
ADDED from src/main/AndroidManifest.xml:29:13-33:29
action#android.intent.action.MAIN
ADDED from src/main/AndroidManifest.xml:30:17-69
	android:name
		ADDED from src/main/AndroidManifest.xml:30:25-66
category#android.intent.category.LAUNCHER
ADDED from src/main/AndroidManifest.xml:32:17-77
	android:name
		ADDED from src/main/AndroidManifest.xml:32:27-74
activity#com.dodi.robalert.LivePreviewActivity
ADDED from src/main/AndroidManifest.xml:36:9-80
	android:exported
		ADDED from src/main/AndroidManifest.xml:36:55-78
	android:name
		ADDED from src/main/AndroidManifest.xml:36:19-54
uses-sdk
INJECTED from src/main/AndroidManifest.xml reason: use-sdk injection requested
INJECTED from src/main/AndroidManifest.xml
INJECTED from src/main/AndroidManifest.xml
MERGED from [com.google.android.material:material:1.2.0-alpha05] AndroidManifest.xml:20:5-44
MERGED from [com.google.android.material:material:1.2.0-alpha05] AndroidManifest.xml:20:5-44
MERGED from [androidx.constraintlayout:constraintlayout:2.0.0-beta4] AndroidManifest.xml:5:5-7:41
MERGED from [androidx.constraintlayout:constraintlayout:2.0.0-beta4] AndroidManifest.xml:5:5-7:41
MERGED from [androidx.preference:preference:1.1.0] AndroidManifest.xml:20:5-22:41
MERGED from [androidx.preference:preference:1.1.0] AndroidManifest.xml:20:5-22:41
MERGED from [androidx.appcompat:appcompat:1.2.0-alpha03] AndroidManifest.xml:20:5-22:41
MERGED from [androidx.appcompat:appcompat:1.2.0-alpha03] AndroidManifest.xml:20:5-22:41
MERGED from [com.google.firebase:firebase-analytics:17.2.3] AndroidManifest.xml:5:5-44
MERGED from [com.google.firebase:firebase-analytics:17.2.3] AndroidManifest.xml:5:5-44
MERGED from [com.google.firebase:firebase-ml-vision-object-detection-model:19.0.3] AndroidManifest.xml:5:5-44
MERGED from [com.google.firebase:firebase-ml-vision-object-detection-model:19.0.3] AndroidManifest.xml:5:5-44
MERGED from [com.google.firebase:firebase-ml-vision-internal-vkp:16.0.2] AndroidManifest.xml:5:5-44
MERGED from [com.google.firebase:firebase-ml-vision-internal-vkp:16.0.2] AndroidManifest.xml:5:5-44
MERGED from [com.google.firebase:firebase-ml-vision:24.0.1] AndroidManifest.xml:6:5-44
MERGED from [com.google.firebase:firebase-ml-vision:24.0.1] AndroidManifest.xml:6:5-44
MERGED from [androidx.camera:camera-camera2:1.0.0-alpha04] AndroidManifest.xml:20:5-22:41
MERGED from [androidx.camera:camera-camera2:1.0.0-alpha04] AndroidManifest.xml:20:5-22:41
MERGED from [androidx.camera:camera-core:1.0.0-alpha04] AndroidManifest.xml:20:5-22:41
MERGED from [androidx.camera:camera-core:1.0.0-alpha04] AndroidManifest.xml:20:5-22:41
MERGED from [androidx.media:media:1.1.0] AndroidManifest.xml:20:5-22:41
MERGED from [androidx.media:media:1.1.0] AndroidManifest.xml:20:5-22:41
MERGED from [org.tensorflow:tensorflow-lite:2.1.0] AndroidManifest.xml:5:5-6:41
MERGED from [org.tensorflow:tensorflow-lite:2.1.0] AndroidManifest.xml:5:5-6:41
MERGED from [androidx.cardview:cardview:1.0.0] AndroidManifest.xml:20:5-44
MERGED from [androidx.cardview:cardview:1.0.0] AndroidManifest.xml:20:5-44
MERGED from [androidx.coordinatorlayout:coordinatorlayout:1.1.0] AndroidManifest.xml:20:5-22:41
MERGED from [androidx.coordinatorlayout:coordinatorlayout:1.1.0] AndroidManifest.xml:20:5-22:41
MERGED from [androidx.transition:transition:1.2.0] AndroidManifest.xml:20:5-22:41
MERGED from [androidx.transition:transition:1.2.0] AndroidManifest.xml:20:5-22:41
MERGED from [androidx.appcompat:appcompat-resources:1.2.0-alpha03] AndroidManifest.xml:20:5-22:41
MERGED from [androidx.appcompat:appcompat-resources:1.2.0-alpha03] AndroidManifest.xml:20:5-22:41
MERGED from [androidx.vectordrawable:vectordrawable-animated:1.1.0] AndroidManifest.xml:20:5-22:41
MERGED from [androidx.vectordrawable:vectordrawable-animated:1.1.0] AndroidManifest.xml:20:5-22:41
MERGED from [androidx.vectordrawable:vectordrawable:1.1.0] AndroidManifest.xml:20:5-22:41
MERGED from [androidx.vectordrawable:vectordrawable:1.1.0] AndroidManifest.xml:20:5-22:41
MERGED from [androidx.viewpager2:viewpager2:1.0.0] AndroidManifest.xml:20:5-22:41
MERGED from [androidx.viewpager2:viewpager2:1.0.0] AndroidManifest.xml:20:5-22:41
MERGED from [androidx.exifinterface:exifinterface:1.0.0] AndroidManifest.xml:20:5-44
MERGED from [androidx.exifinterface:exifinterface:1.0.0] AndroidManifest.xml:20:5-44
MERGED from [androidx.drawerlayout:drawerlayout:1.0.0] AndroidManifest.xml:20:5-44
MERGED from [androidx.drawerlayout:drawerlayout:1.0.0] AndroidManifest.xml:20:5-44
MERGED from [com.google.android.gms:play-services-auth-base:17.0.0] AndroidManifest.xml:5:5-44
MERGED from [com.google.android.gms:play-services-auth-base:17.0.0] AndroidManifest.xml:5:5-44
MERGED from [com.google.android.gms:play-services-vision:19.0.0] AndroidManifest.xml:5:5-44
MERGED from [com.google.android.gms:play-services-vision:19.0.0] AndroidManifest.xml:5:5-44
MERGED from [com.google.android.gms:play-services-vision-image-label:18.0.1] AndroidManifest.xml:5:5-44
MERGED from [com.google.android.gms:play-services-vision-image-label:18.0.1] AndroidManifest.xml:5:5-44
MERGED from [com.google.android.gms:play-services-vision-common:19.0.0] AndroidManifest.xml:5:5-44
MERGED from [com.google.android.gms:play-services-vision-common:19.0.0] AndroidManifest.xml:5:5-44
MERGED from [com.google.firebase:firebase-ml-common:22.0.1] AndroidManifest.xml:5:5-44
MERGED from [com.google.firebase:firebase-ml-common:22.0.1] AndroidManifest.xml:5:5-44
MERGED from [com.google.android.gms:play-services-clearcut:17.0.0] AndroidManifest.xml:20:5-44
MERGED from [com.google.android.gms:play-services-clearcut:17.0.0] AndroidManifest.xml:20:5-44
MERGED from [com.google.android.gms:play-services-flags:17.0.0] AndroidManifest.xml:20:5-44
MERGED from [com.google.android.gms:play-services-flags:17.0.0] AndroidManifest.xml:20:5-44
MERGED from [com.google.android.gms:play-services-phenotype:17.0.0] AndroidManifest.xml:20:5-44
MERGED from [com.google.android.gms:play-services-phenotype:17.0.0] AndroidManifest.xml:20:5-44
MERGED from [com.google.android.gms:play-services-measurement-api:17.2.3] AndroidManifest.xml:20:5-44
MERGED from [com.google.android.gms:play-services-measurement-api:17.2.3] AndroidManifest.xml:20:5-44
MERGED from [com.google.firebase:firebase-iid:20.0.2] AndroidManifest.xml:20:5-44
MERGED from [com.google.firebase:firebase-iid:20.0.2] AndroidManifest.xml:20:5-44
MERGED from [com.google.firebase:firebase-iid-interop:17.0.0] AndroidManifest.xml:5:5-44
MERGED from [com.google.firebase:firebase-iid-interop:17.0.0] AndroidManifest.xml:5:5-44
MERGED from [com.google.android.gms:play-services-base:17.0.0] AndroidManifest.xml:20:5-44
MERGED from [com.google.android.gms:play-services-base:17.0.0] AndroidManifest.xml:20:5-44
MERGED from [com.google.android.gms:play-services-measurement:17.2.3] AndroidManifest.xml:20:5-44
MERGED from [com.google.android.gms:play-services-measurement:17.2.3] AndroidManifest.xml:20:5-44
MERGED from [com.google.android.gms:play-services-measurement-sdk:17.2.3] AndroidManifest.xml:20:5-44
MERGED from [com.google.android.gms:play-services-measurement-sdk:17.2.3] AndroidManifest.xml:20:5-44
MERGED from [com.google.firebase:firebase-common:19.3.0] AndroidManifest.xml:20:5-22:41
MERGED from [com.google.firebase:firebase-common:19.3.0] AndroidManifest.xml:20:5-22:41
MERGED from [com.google.android.gms:play-services-tasks:17.0.0] AndroidManifest.xml:5:5-44
MERGED from [com.google.android.gms:play-services-tasks:17.0.0] AndroidManifest.xml:5:5-44
MERGED from [com.google.android.gms:play-services-measurement-impl:17.2.3] AndroidManifest.xml:20:5-44
MERGED from [com.google.android.gms:play-services-measurement-impl:17.2.3] AndroidManifest.xml:20:5-44
MERGED from [com.google.android.gms:play-services-measurement-sdk-api:17.2.3] AndroidManifest.xml:20:5-44
MERGED from [com.google.android.gms:play-services-measurement-sdk-api:17.2.3] AndroidManifest.xml:20:5-44
MERGED from [com.google.android.gms:play-services-measurement-base:17.2.3] AndroidManifest.xml:5:5-44
MERGED from [com.google.android.gms:play-services-measurement-base:17.2.3] AndroidManifest.xml:5:5-44
MERGED from [com.google.android.gms:play-services-stats:17.0.0] AndroidManifest.xml:5:5-44
MERGED from [com.google.android.gms:play-services-stats:17.0.0] AndroidManifest.xml:5:5-44
MERGED from [com.google.firebase:firebase-measurement-connector:18.0.0] AndroidManifest.xml:20:5-44
MERGED from [com.google.firebase:firebase-measurement-connector:18.0.0] AndroidManifest.xml:20:5-44
MERGED from [com.google.android.gms:play-services-ads-identifier:17.0.0] AndroidManifest.xml:20:5-44
MERGED from [com.google.android.gms:play-services-ads-identifier:17.0.0] AndroidManifest.xml:20:5-44
MERGED from [com.google.android.gms:play-services-basement:17.0.0] AndroidManifest.xml:20:5-44
MERGED from [com.google.android.gms:play-services-basement:17.0.0] AndroidManifest.xml:20:5-44
MERGED from [androidx.fragment:fragment:1.1.0] AndroidManifest.xml:20:5-22:41
MERGED from [androidx.fragment:fragment:1.1.0] AndroidManifest.xml:20:5-22:41
MERGED from [androidx.viewpager:viewpager:1.0.0] AndroidManifest.xml:20:5-44
MERGED from [androidx.viewpager:viewpager:1.0.0] AndroidManifest.xml:20:5-44
MERGED from [androidx.recyclerview:recyclerview:1.1.0] AndroidManifest.xml:20:5-22:41
MERGED from [androidx.recyclerview:recyclerview:1.1.0] AndroidManifest.xml:20:5-22:41
MERGED from [androidx.customview:customview:1.0.0] AndroidManifest.xml:20:5-44
MERGED from [androidx.customview:customview:1.0.0] AndroidManifest.xml:20:5-44
MERGED from [androidx.legacy:legacy-support-core-utils:1.0.0] AndroidManifest.xml:20:5-44
MERGED from [androidx.legacy:legacy-support-core-utils:1.0.0] AndroidManifest.xml:20:5-44
MERGED from [com.google.firebase:firebase-components:16.0.0] AndroidManifest.xml:19:5-21:41
MERGED from [com.google.firebase:firebase-components:16.0.0] AndroidManifest.xml:19:5-21:41
MERGED from [androidx.loader:loader:1.0.0] AndroidManifest.xml:20:5-44
MERGED from [androidx.loader:loader:1.0.0] AndroidManifest.xml:20:5-44
MERGED from [androidx.lifecycle:lifecycle-livedata:2.0.0] AndroidManifest.xml:20:5-44
MERGED from [androidx.lifecycle:lifecycle-livedata:2.0.0] AndroidManifest.xml:20:5-44
MERGED from [androidx.lifecycle:lifecycle-livedata-core:2.0.0] AndroidManifest.xml:20:5-44
MERGED from [androidx.lifecycle:lifecycle-livedata-core:2.0.0] AndroidManifest.xml:20:5-44
MERGED from [androidx.arch.core:core-runtime:2.0.0] AndroidManifest.xml:20:5-44
MERGED from [androidx.arch.core:core-runtime:2.0.0] AndroidManifest.xml:20:5-44
MERGED from [androidx.documentfile:documentfile:1.0.0] AndroidManifest.xml:20:5-44
MERGED from [androidx.documentfile:documentfile:1.0.0] AndroidManifest.xml:20:5-44
MERGED from [androidx.localbroadcastmanager:localbroadcastmanager:1.0.0] AndroidManifest.xml:20:5-44
MERGED from [androidx.localbroadcastmanager:localbroadcastmanager:1.0.0] AndroidManifest.xml:20:5-44
MERGED from [androidx.print:print:1.0.0] AndroidManifest.xml:20:5-44
MERGED from [androidx.print:print:1.0.0] AndroidManifest.xml:20:5-44
MERGED from [androidx.cursoradapter:cursoradapter:1.0.0] AndroidManifest.xml:20:5-44
MERGED from [androidx.cursoradapter:cursoradapter:1.0.0] AndroidManifest.xml:20:5-44
MERGED from [androidx.interpolator:interpolator:1.0.0] AndroidManifest.xml:20:5-44
MERGED from [androidx.interpolator:interpolator:1.0.0] AndroidManifest.xml:20:5-44
MERGED from [androidx.activity:activity:1.0.0] AndroidManifest.xml:20:5-22:41
MERGED from [androidx.activity:activity:1.0.0] AndroidManifest.xml:20:5-22:41
MERGED from [androidx.core:core:1.3.0-alpha02] AndroidManifest.xml:20:5-22:41
MERGED from [androidx.core:core:1.3.0-alpha02] AndroidManifest.xml:20:5-22:41
MERGED from [androidx.versionedparcelable:versionedparcelable:1.1.0] AndroidManifest.xml:20:5-22:41
MERGED from [androidx.versionedparcelable:versionedparcelable:1.1.0] AndroidManifest.xml:20:5-22:41
MERGED from [androidx.savedstate:savedstate:1.0.0] AndroidManifest.xml:20:5-22:41
MERGED from [androidx.savedstate:savedstate:1.0.0] AndroidManifest.xml:20:5-22:41
MERGED from [androidx.lifecycle:lifecycle-runtime:2.1.0] AndroidManifest.xml:20:5-44
MERGED from [androidx.lifecycle:lifecycle-runtime:2.1.0] AndroidManifest.xml:20:5-44
MERGED from [androidx.lifecycle:lifecycle-viewmodel:2.1.0] AndroidManifest.xml:20:5-44
MERGED from [androidx.lifecycle:lifecycle-viewmodel:2.1.0] AndroidManifest.xml:20:5-44
MERGED from [androidx.annotation:annotation-experimental:1.0.0] AndroidManifest.xml:20:5-22:41
MERGED from [androidx.annotation:annotation-experimental:1.0.0] AndroidManifest.xml:20:5-22:41
INJECTED from src/main/AndroidManifest.xml
INJECTED from src/main/AndroidManifest.xml
	android:targetSdkVersion
		INJECTED from src/main/AndroidManifest.xml
		ADDED from src/main/AndroidManifest.xml
		INJECTED from src/main/AndroidManifest.xml
	android:minSdkVersion
		INJECTED from src/main/AndroidManifest.xml
		ADDED from src/main/AndroidManifest.xml
		MERGED from src/main/AndroidManifest.xml
		INJECTED from src/main/AndroidManifest.xml
service#com.google.firebase.components.ComponentDiscoveryService
ADDED from [com.google.firebase:firebase-ml-vision:24.0.1] AndroidManifest.xml:9:9-15:19
MERGED from [com.google.firebase:firebase-ml-common:22.0.1] AndroidManifest.xml:8:9-14:19
MERGED from [com.google.firebase:firebase-ml-common:22.0.1] AndroidManifest.xml:8:9-14:19
MERGED from [com.google.android.gms:play-services-measurement-api:17.2.3] AndroidManifest.xml:27:9-33:19
MERGED from [com.google.android.gms:play-services-measurement-api:17.2.3] AndroidManifest.xml:27:9-33:19
MERGED from [com.google.firebase:firebase-iid:20.0.2] AndroidManifest.xml:29:9-35:19
MERGED from [com.google.firebase:firebase-iid:20.0.2] AndroidManifest.xml:29:9-35:19
MERGED from [com.google.firebase:firebase-common:19.3.0] AndroidManifest.xml:32:9-36:35
MERGED from [com.google.firebase:firebase-common:19.3.0] AndroidManifest.xml:32:9-36:35
	android:exported
		ADDED from [com.google.firebase:firebase-ml-vision:24.0.1] AndroidManifest.xml:11:13-37
	tools:targetApi
		ADDED from [com.google.firebase:firebase-common:19.3.0] AndroidManifest.xml:36:13-32
	android:directBootAware
		ADDED from [com.google.firebase:firebase-common:19.3.0] AndroidManifest.xml:34:13-43
	android:name
		ADDED from [com.google.firebase:firebase-ml-vision:24.0.1] AndroidManifest.xml:10:13-84
meta-data#com.google.firebase.components:com.google.firebase.ml.vision.VisionRegistrar
ADDED from [com.google.firebase:firebase-ml-vision:24.0.1] AndroidManifest.xml:12:13-14:85
	android:value